1710141963.402764 client started (54610): version 3.4, socket /private/tmp/tmux-501/default, protocol 8
1710141963.402845 on Darwin 23.1.0 Darwin Kernel Version 23.1.0: Mon Oct  9 21:27:24 PDT 2023; root:xnu-10002.41.9~6/RELEASE_ARM64_T6000
1710141963.402860 using libevent 2.1.12-stable select
1710141963.402870 using utf8proc 2.9.0
1710141963.402881 using ncurses 6.4 20221231
1710141963.402903 flags are 0x10010000
1710141963.402909 socket is /private/tmp/tmux-501/default
1710141963.402924 trying connect
1710141963.402985 add peer 0x148008000: 6 (0x0)
1710141963.405527 sending message 100 to peer 0x148008000 (4 bytes)
1710141963.405550 sending message 111 to peer 0x148008000 (8 bytes)
1710141963.405557 sending message 101 to peer 0x148008000 (15 bytes)
1710141963.405563 sending message 109 to peer 0x148008000 (4 bytes)
1710141963.405569 sending message 102 to peer 0x148008000 (13 bytes)
1710141963.405574 sending message 108 to peer 0x148008000 (21 bytes)
1710141963.405580 sending message 112 to peer 0x148008000 (58 bytes)
1710141963.405586 sending message 112 to peer 0x148008000 (5 bytes)
1710141963.405592 sending message 112 to peer 0x148008000 (5 bytes)
1710141963.405597 sending message 112 to peer 0x148008000 (6 bytes)
1710141963.405603 sending message 112 to peer 0x148008000 (6 bytes)
1710141963.405609 sending message 112 to peer 0x148008000 (11 bytes)
1710141963.405615 sending message 112 to peer 0x148008000 (10 bytes)
1710141963.405620 sending message 112 to peer 0x148008000 (13 bytes)
1710141963.405625 sending message 112 to peer 0x148008000 (14 bytes)
1710141963.405631 sending message 112 to peer 0x148008000 (19 bytes)
1710141963.405636 sending message 112 to peer 0x148008000 (11 bytes)
1710141963.405642 sending message 112 to peer 0x148008000 (10 bytes)
1710141963.405648 sending message 112 to peer 0x148008000 (15 bytes)
1710141963.405653 sending message 112 to peer 0x148008000 (21 bytes)
1710141963.405659 sending message 112 to peer 0x148008000 (13 bytes)
1710141963.405665 sending message 112 to peer 0x148008000 (7 bytes)
1710141963.405670 sending message 112 to peer 0x148008000 (13 bytes)
1710141963.405676 sending message 112 to peer 0x148008000 (7 bytes)
1710141963.405681 sending message 112 to peer 0x148008000 (13 bytes)
1710141963.405687 sending message 112 to peer 0x148008000 (9 bytes)
1710141963.405692 sending message 112 to peer 0x148008000 (21 bytes)
1710141963.405698 sending message 112 to peer 0x148008000 (13 bytes)
1710141963.405703 sending message 112 to peer 0x148008000 (9 bytes)
1710141963.405709 sending message 112 to peer 0x148008000 (16 bytes)
1710141963.405714 sending message 112 to peer 0x148008000 (13 bytes)
1710141963.405720 sending message 112 to peer 0x148008000 (9 bytes)
1710141963.405726 sending message 112 to peer 0x148008000 (9 bytes)
1710141963.405731 sending message 112 to peer 0x148008000 (12 bytes)
1710141963.405737 sending message 112 to peer 0x148008000 (8 bytes)
1710141963.405742 sending message 112 to peer 0x148008000 (8 bytes)
1710141963.405748 sending message 112 to peer 0x148008000 (13 bytes)
1710141963.405753 sending message 112 to peer 0x148008000 (7 bytes)
1710141963.405759 sending message 112 to peer 0x148008000 (7 bytes)
1710141963.405765 sending message 112 to peer 0x148008000 (9 bytes)
1710141963.405770 sending message 112 to peer 0x148008000 (9 bytes)
1710141963.405776 sending message 112 to peer 0x148008000 (15 bytes)
1710141963.405781 sending message 112 to peer 0x148008000 (13 bytes)
1710141963.405787 sending message 112 to peer 0x148008000 (12 bytes)
1710141963.405792 sending message 112 to peer 0x148008000 (8 bytes)
1710141963.405797 sending message 112 to peer 0x148008000 (14 bytes)
1710141963.405803 sending message 112 to peer 0x148008000 (11 bytes)
1710141963.405808 sending message 112 to peer 0x148008000 (9 bytes)
1710141963.405813 sending message 112 to peer 0x148008000 (10 bytes)
1710141963.405819 sending message 112 to peer 0x148008000 (10 bytes)
1710141963.405824 sending message 112 to peer 0x148008000 (10 bytes)
1710141963.405829 sending message 112 to peer 0x148008000 (10 bytes)
1710141963.405849 sending message 112 to peer 0x148008000 (11 bytes)
1710141963.405853 sending message 112 to peer 0x148008000 (12 bytes)
1710141963.405857 sending message 112 to peer 0x148008000 (12 bytes)
1710141963.405860 sending message 112 to peer 0x148008000 (12 bytes)
1710141963.405864 sending message 112 to peer 0x148008000 (12 bytes)
1710141963.405868 sending message 112 to peer 0x148008000 (12 bytes)
1710141963.405871 sending message 112 to peer 0x148008000 (11 bytes)
1710141963.405875 sending message 112 to peer 0x148008000 (11 bytes)
1710141963.405879 sending message 112 to peer 0x148008000 (12 bytes)
1710141963.405882 sending message 112 to peer 0x148008000 (12 bytes)
1710141963.405886 sending message 112 to peer 0x148008000 (12 bytes)
1710141963.405889 sending message 112 to peer 0x148008000 (12 bytes)
1710141963.405893 sending message 112 to peer 0x148008000 (12 bytes)
1710141963.405897 sending message 112 to peer 0x148008000 (9 bytes)
1710141963.405901 sending message 112 to peer 0x148008000 (12 bytes)
1710141963.405904 sending message 112 to peer 0x148008000 (13 bytes)
1710141963.405908 sending message 112 to peer 0x148008000 (13 bytes)
1710141963.405911 sending message 112 to peer 0x148008000 (13 bytes)
1710141963.405915 sending message 112 to peer 0x148008000 (13 bytes)
1710141963.405919 sending message 112 to peer 0x148008000 (13 bytes)
1710141963.405922 sending message 112 to peer 0x148008000 (8 bytes)
1710141963.405926 sending message 112 to peer 0x148008000 (11 bytes)
1710141963.405930 sending message 112 to peer 0x148008000 (11 bytes)
1710141963.405933 sending message 112 to peer 0x148008000 (11 bytes)
1710141963.405937 sending message 112 to peer 0x148008000 (12 bytes)
1710141963.405940 sending message 112 to peer 0x148008000 (12 bytes)
1710141963.405944 sending message 112 to peer 0x148008000 (12 bytes)
1710141963.405948 sending message 112 to peer 0x148008000 (12 bytes)
1710141963.405951 sending message 112 to peer 0x148008000 (13 bytes)
1710141963.405955 sending message 112 to peer 0x148008000 (13 bytes)
1710141963.405959 sending message 112 to peer 0x148008000 (13 bytes)
1710141963.405963 sending message 112 to peer 0x148008000 (8 bytes)
1710141963.405966 sending message 112 to peer 0x148008000 (13 bytes)
1710141963.405970 sending message 112 to peer 0x148008000 (13 bytes)
1710141963.405974 sending message 112 to peer 0x148008000 (13 bytes)
1710141963.405978 sending message 112 to peer 0x148008000 (13 bytes)
1710141963.405981 sending message 112 to peer 0x148008000 (13 bytes)
1710141963.405985 sending message 112 to peer 0x148008000 (12 bytes)
1710141963.405989 sending message 112 to peer 0x148008000 (12 bytes)
1710141963.405992 sending message 112 to peer 0x148008000 (12 bytes)
1710141963.405996 sending message 112 to peer 0x148008000 (12 bytes)
1710141963.406000 sending message 112 to peer 0x148008000 (13 bytes)
1710141963.406003 sending message 112 to peer 0x148008000 (8 bytes)
1710141963.406007 sending message 112 to peer 0x148008000 (13 bytes)
1710141963.406010 sending message 112 to peer 0x148008000 (13 bytes)
1710141963.406014 sending message 112 to peer 0x148008000 (13 bytes)
1710141963.406018 sending message 112 to peer 0x148008000 (13 bytes)
1710141963.406022 sending message 112 to peer 0x148008000 (13 bytes)
1710141963.406025 sending message 112 to peer 0x148008000 (13 bytes)
1710141963.406029 sending message 112 to peer 0x148008000 (13 bytes)
1710141963.406033 sending message 112 to peer 0x148008000 (12 bytes)
1710141963.406036 sending message 112 to peer 0x148008000 (12 bytes)
1710141963.406040 sending message 112 to peer 0x148008000 (12 bytes)
1710141963.406044 sending message 112 to peer 0x148008000 (8 bytes)
1710141963.406047 sending message 112 to peer 0x148008000 (12 bytes)
1710141963.406051 sending message 112 to peer 0x148008000 (13 bytes)
1710141963.406055 sending message 112 to peer 0x148008000 (13 bytes)
1710141963.406059 sending message 112 to peer 0x148008000 (13 bytes)
1710141963.406062 sending message 112 to peer 0x148008000 (13 bytes)
1710141963.406066 sending message 112 to peer 0x148008000 (13 bytes)
1710141963.406078 sending message 112 to peer 0x148008000 (13 bytes)
1710141963.406082 sending message 112 to peer 0x148008000 (13 bytes)
1710141963.406086 sending message 112 to peer 0x148008000 (13 bytes)
1710141963.406089 sending message 112 to peer 0x148008000 (12 bytes)
1710141963.406093 sending message 112 to peer 0x148008000 (10 bytes)
1710141963.406097 sending message 112 to peer 0x148008000 (12 bytes)
1710141963.406100 sending message 112 to peer 0x148008000 (12 bytes)
1710141963.406104 sending message 112 to peer 0x148008000 (12 bytes)
1710141963.406107 sending message 112 to peer 0x148008000 (13 bytes)
1710141963.406111 sending message 112 to peer 0x148008000 (13 bytes)
1710141963.406115 sending message 112 to peer 0x148008000 (13 bytes)
1710141963.406118 sending message 112 to peer 0x148008000 (13 bytes)
1710141963.406122 sending message 112 to peer 0x148008000 (13 bytes)
1710141963.406125 sending message 112 to peer 0x148008000 (13 bytes)
1710141963.406129 sending message 112 to peer 0x148008000 (13 bytes)
1710141963.406132 sending message 112 to peer 0x148008000 (10 bytes)
1710141963.406136 sending message 112 to peer 0x148008000 (13 bytes)
1710141963.406140 sending message 112 to peer 0x148008000 (12 bytes)
1710141963.406143 sending message 112 to peer 0x148008000 (12 bytes)
1710141963.406147 sending message 112 to peer 0x148008000 (12 bytes)
1710141963.406150 sending message 112 to peer 0x148008000 (10 bytes)
1710141963.406154 sending message 112 to peer 0x148008000 (10 bytes)
1710141963.406158 sending message 112 to peer 0x148008000 (10 bytes)
1710141963.406161 sending message 112 to peer 0x148008000 (12 bytes)
1710141963.406165 sending message 112 to peer 0x148008000 (13 bytes)
1710141963.406168 sending message 112 to peer 0x148008000 (13 bytes)
1710141963.406172 sending message 112 to peer 0x148008000 (13 bytes)
1710141963.406176 sending message 112 to peer 0x148008000 (13 bytes)
1710141963.406179 sending message 112 to peer 0x148008000 (13 bytes)
1710141963.406183 sending message 112 to peer 0x148008000 (10 bytes)
1710141963.406186 sending message 112 to peer 0x148008000 (11 bytes)
1710141963.406190 sending message 112 to peer 0x148008000 (12 bytes)
1710141963.406194 sending message 112 to peer 0x148008000 (12 bytes)
1710141963.406197 sending message 112 to peer 0x148008000 (12 bytes)
1710141963.406201 sending message 112 to peer 0x148008000 (12 bytes)
1710141963.406204 sending message 112 to peer 0x148008000 (12 bytes)
1710141963.406208 sending message 112 to peer 0x148008000 (11 bytes)
1710141963.406212 sending message 112 to peer 0x148008000 (12 bytes)
1710141963.406215 sending message 112 to peer 0x148008000 (12 bytes)
1710141963.406219 sending message 112 to peer 0x148008000 (13 bytes)
1710141963.406222 sending message 112 to peer 0x148008000 (13 bytes)
1710141963.406226 sending message 112 to peer 0x148008000 (13 bytes)
1710141963.406230 sending message 112 to peer 0x148008000 (13 bytes)
1710141963.406233 sending message 112 to peer 0x148008000 (13 bytes)
1710141963.406237 sending message 112 to peer 0x148008000 (10 bytes)
1710141963.406241 sending message 112 to peer 0x148008000 (9 bytes)
1710141963.406245 sending message 112 to peer 0x148008000 (12 bytes)
1710141963.406248 sending message 112 to peer 0x148008000 (13 bytes)
1710141963.406252 sending message 112 to peer 0x148008000 (13 bytes)
1710141963.406255 sending message 112 to peer 0x148008000 (13 bytes)
1710141963.406259 sending message 112 to peer 0x148008000 (13 bytes)
1710141963.406263 sending message 112 to peer 0x148008000 (13 bytes)
1710141963.406266 sending message 112 to peer 0x148008000 (9 bytes)
1710141963.406270 sending message 112 to peer 0x148008000 (12 bytes)
1710141963.406273 sending message 112 to peer 0x148008000 (13 bytes)
1710141963.406277 sending message 112 to peer 0x148008000 (13 bytes)
1710141963.406280 sending message 112 to peer 0x148008000 (13 bytes)
1710141963.406284 sending message 112 to peer 0x148008000 (13 bytes)
1710141963.406288 sending message 112 to peer 0x148008000 (13 bytes)
1710141963.406297 sending message 112 to peer 0x148008000 (11 bytes)
1710141963.406301 sending message 112 to peer 0x148008000 (12 bytes)
1710141963.406305 sending message 112 to peer 0x148008000 (13 bytes)
1710141963.406308 sending message 112 to peer 0x148008000 (13 bytes)
1710141963.406312 sending message 112 to peer 0x148008000 (13 bytes)
1710141963.406316 sending message 112 to peer 0x148008000 (13 bytes)
1710141963.406319 sending message 112 to peer 0x148008000 (13 bytes)
1710141963.406323 sending message 112 to peer 0x148008000 (11 bytes)
1710141963.406326 sending message 112 to peer 0x148008000 (12 bytes)
1710141963.406330 sending message 112 to peer 0x148008000 (12 bytes)
1710141963.406333 sending message 112 to peer 0x148008000 (12 bytes)
1710141963.406337 sending message 112 to peer 0x148008000 (12 bytes)
1710141963.406341 sending message 112 to peer 0x148008000 (12 bytes)
1710141963.406344 sending message 112 to peer 0x148008000 (21 bytes)
1710141963.406348 sending message 112 to peer 0x148008000 (12 bytes)
1710141963.406351 sending message 112 to peer 0x148008000 (9 bytes)
1710141963.406355 sending message 112 to peer 0x148008000 (6 bytes)
1710141963.406359 sending message 112 to peer 0x148008000 (13 bytes)
1710141963.406362 sending message 112 to peer 0x148008000 (10 bytes)
1710141963.406366 sending message 112 to peer 0x148008000 (24 bytes)
1710141963.406369 sending message 112 to peer 0x148008000 (13 bytes)
1710141963.406373 sending message 112 to peer 0x148008000 (9 bytes)
1710141963.406377 sending message 112 to peer 0x148008000 (70 bytes)
1710141963.406380 sending message 112 to peer 0x148008000 (69 bytes)
1710141963.406384 sending message 112 to peer 0x148008000 (12 bytes)
1710141963.406388 sending message 112 to peer 0x148008000 (10 bytes)
1710141963.406391 sending message 112 to peer 0x148008000 (10 bytes)
1710141963.406395 sending message 112 to peer 0x148008000 (24 bytes)
1710141963.406399 sending message 112 to peer 0x148008000 (13 bytes)
1710141963.406402 sending message 112 to peer 0x148008000 (10 bytes)
1710141963.406406 sending message 112 to peer 0x148008000 (10 bytes)
1710141963.406410 sending message 112 to peer 0x148008000 (10 bytes)
1710141963.406414 sending message 112 to peer 0x148008000 (13 bytes)
1710141963.406418 sending message 112 to peer 0x148008000 (15 bytes)
1710141963.406421 sending message 112 to peer 0x148008000 (5 bytes)
1710141963.406426 sending message 104 to peer 0x148008000 (0 bytes)
1710141963.406434 sending message 110 to peer 0x148008000 (0 bytes)
1710141963.406438 sending message 107 to peer 0x148008000 (4 bytes)
1710141963.406442 sending message 105 to peer 0x148008000 (20 bytes)
1710141963.406446 sending message 105 to peer 0x148008000 (22 bytes)
1710141963.406450 sending message 105 to peer 0x148008000 (12 bytes)
1710141963.406454 sending message 105 to peer 0x148008000 (15 bytes)
1710141963.406457 sending message 105 to peer 0x148008000 (27 bytes)
1710141963.406461 sending message 105 to peer 0x148008000 (51 bytes)
1710141963.406465 sending message 105 to peer 0x148008000 (18 bytes)
1710141963.406469 sending message 105 to peer 0x148008000 (74 bytes)
1710141963.406472 sending message 105 to peer 0x148008000 (45 bytes)
1710141963.406476 sending message 105 to peer 0x148008000 (26 bytes)
1710141963.406479 sending message 105 to peer 0x148008000 (32 bytes)
1710141963.406483 sending message 105 to peer 0x148008000 (21 bytes)
1710141963.406487 sending message 105 to peer 0x148008000 (16 bytes)
1710141963.406490 sending message 105 to peer 0x148008000 (37 bytes)
1710141963.406494 sending message 105 to peer 0x148008000 (30 bytes)
1710141963.406498 sending message 105 to peer 0x148008000 (34 bytes)
1710141963.406501 sending message 105 to peer 0x148008000 (60 bytes)
1710141963.406505 sending message 105 to peer 0x148008000 (17 bytes)
1710141963.406509 sending message 105 to peer 0x148008000 (8 bytes)
1710141963.406513 sending message 105 to peer 0x148008000 (12 bytes)
1710141963.406516 sending message 105 to peer 0x148008000 (32 bytes)
1710141963.406529 sending message 105 to peer 0x148008000 (54 bytes)
1710141963.406533 sending message 105 to peer 0x148008000 (94 bytes)
1710141963.406537 sending message 105 to peer 0x148008000 (28 bytes)
1710141963.406541 sending message 105 to peer 0x148008000 (12 bytes)
1710141963.406544 sending message 105 to peer 0x148008000 (11 bytes)
1710141963.406549 sending message 105 to peer 0x148008000 (999 bytes)
1710141963.406552 sending message 105 to peer 0x148008000 (25 bytes)
1710141963.406556 sending message 105 to peer 0x148008000 (24 bytes)
1710141963.406560 sending message 105 to peer 0x148008000 (15 bytes)
1710141963.406563 sending message 105 to peer 0x148008000 (8 bytes)
1710141963.406567 sending message 105 to peer 0x148008000 (66 bytes)
1710141963.406571 sending message 105 to peer 0x148008000 (20 bytes)
1710141963.406574 sending message 105 to peer 0x148008000 (18 bytes)
1710141963.406578 sending message 105 to peer 0x148008000 (25 bytes)
1710141963.406582 sending message 105 to peer 0x148008000 (57 bytes)
1710141963.406589 sending message 105 to peer 0x148008000 (43 bytes)
1710141963.406595 sending message 105 to peer 0x148008000 (14 bytes)
1710141963.406599 sending message 105 to peer 0x148008000 (51 bytes)
1710141963.406603 sending message 105 to peer 0x148008000 (9 bytes)
1710141963.406607 sending message 105 to peer 0x148008000 (46 bytes)
1710141963.406610 sending message 105 to peer 0x148008000 (59 bytes)
1710141963.406614 sending message 105 to peer 0x148008000 (72 bytes)
1710141963.406618 sending message 105 to peer 0x148008000 (64 bytes)
1710141963.406622 sending message 105 to peer 0x148008000 (15 bytes)
1710141963.406625 sending message 105 to peer 0x148008000 (67 bytes)
1710141963.406629 sending message 105 to peer 0x148008000 (33 bytes)
1710141963.406633 sending message 105 to peer 0x148008000 (35 bytes)
1710141963.406636 sending message 105 to peer 0x148008000 (14 bytes)
1710141963.406640 sending message 105 to peer 0x148008000 (19 bytes)
1710141963.406643 sending message 105 to peer 0x148008000 (26 bytes)
1710141963.406647 sending message 105 to peer 0x148008000 (26 bytes)
1710141963.406651 sending message 105 to peer 0x148008000 (22 bytes)
1710141963.406654 sending message 105 to peer 0x148008000 (44 bytes)
1710141963.406658 sending message 105 to peer 0x148008000 (38 bytes)
1710141963.406661 sending message 105 to peer 0x148008000 (12 bytes)
1710141963.406665 sending message 105 to peer 0x148008000 (17 bytes)
1710141963.406669 sending message 105 to peer 0x148008000 (10 bytes)
1710141963.406672 sending message 105 to peer 0x148008000 (25 bytes)
1710141963.406676 sending message 106 to peer 0x148008000 (0 bytes)
1710141963.406745 sending message 200 to peer 0x148008000 (4 bytes)
1710141963.406750 client loop enter
1710141963.406988 peer 0x148008000 message 303
1710141963.406998 open write file 2 -
1710141963.407008 sending message 305 to peer 0x148008000 (8 bytes)
1710141963.407022 write check file 2
1710141963.407046 peer 0x148008000 message 304
1710141963.407051 write 58 to file 2
1710141963.407056 peer 0x148008000 message 203
1710141963.407060 file 2 58 bytes left
1710141963.407073 write check file 2
1710141963.407076 client loop exit
