1710141957.998419 client started (54481): version 3.4, socket /private/tmp/tmux-501/default, protocol 8
1710141957.998468 on Darwin 23.1.0 Darwin Kernel Version 23.1.0: Mon Oct  9 21:27:24 PDT 2023; root:xnu-10002.41.9~6/RELEASE_ARM64_T6000
1710141957.998477 using libevent 2.1.12-stable select
1710141957.999041 using utf8proc 2.9.0
1710141957.999054 using ncurses 6.4 20221231
1710141957.999075 flags are 0x18010000
1710141957.999083 socket is /private/tmp/tmux-501/default
1710141957.999094 trying connect
1710141957.999132 add peer 0x140008000: 6 (0x0)
1710141958.000996 sending message 100 to peer 0x140008000 (4 bytes)
1710141958.001006 sending message 111 to peer 0x140008000 (8 bytes)
1710141958.001012 sending message 101 to peer 0x140008000 (15 bytes)
1710141958.001018 sending message 109 to peer 0x140008000 (4 bytes)
1710141958.001023 sending message 102 to peer 0x140008000 (13 bytes)
1710141958.001029 sending message 108 to peer 0x140008000 (21 bytes)
1710141958.001034 sending message 112 to peer 0x140008000 (58 bytes)
1710141958.001040 sending message 112 to peer 0x140008000 (5 bytes)
1710141958.001045 sending message 112 to peer 0x140008000 (5 bytes)
1710141958.001051 sending message 112 to peer 0x140008000 (6 bytes)
1710141958.001057 sending message 112 to peer 0x140008000 (6 bytes)
1710141958.001063 sending message 112 to peer 0x140008000 (11 bytes)
1710141958.001069 sending message 112 to peer 0x140008000 (10 bytes)
1710141958.001074 sending message 112 to peer 0x140008000 (13 bytes)
1710141958.001079 sending message 112 to peer 0x140008000 (14 bytes)
1710141958.001084 sending message 112 to peer 0x140008000 (19 bytes)
1710141958.001090 sending message 112 to peer 0x140008000 (11 bytes)
1710141958.001095 sending message 112 to peer 0x140008000 (10 bytes)
1710141958.001099 sending message 112 to peer 0x140008000 (15 bytes)
1710141958.001105 sending message 112 to peer 0x140008000 (21 bytes)
1710141958.001110 sending message 112 to peer 0x140008000 (13 bytes)
1710141958.001115 sending message 112 to peer 0x140008000 (7 bytes)
1710141958.001120 sending message 112 to peer 0x140008000 (13 bytes)
1710141958.001125 sending message 112 to peer 0x140008000 (7 bytes)
1710141958.001131 sending message 112 to peer 0x140008000 (13 bytes)
1710141958.001136 sending message 112 to peer 0x140008000 (9 bytes)
1710141958.001142 sending message 112 to peer 0x140008000 (21 bytes)
1710141958.001148 sending message 112 to peer 0x140008000 (13 bytes)
1710141958.001154 sending message 112 to peer 0x140008000 (9 bytes)
1710141958.001160 sending message 112 to peer 0x140008000 (16 bytes)
1710141958.001165 sending message 112 to peer 0x140008000 (13 bytes)
1710141958.001172 sending message 112 to peer 0x140008000 (9 bytes)
1710141958.001178 sending message 112 to peer 0x140008000 (9 bytes)
1710141958.001184 sending message 112 to peer 0x140008000 (12 bytes)
1710141958.001189 sending message 112 to peer 0x140008000 (8 bytes)
1710141958.001194 sending message 112 to peer 0x140008000 (8 bytes)
1710141958.001199 sending message 112 to peer 0x140008000 (13 bytes)
1710141958.001204 sending message 112 to peer 0x140008000 (7 bytes)
1710141958.001210 sending message 112 to peer 0x140008000 (7 bytes)
1710141958.001215 sending message 112 to peer 0x140008000 (9 bytes)
1710141958.001220 sending message 112 to peer 0x140008000 (9 bytes)
1710141958.001225 sending message 112 to peer 0x140008000 (15 bytes)
1710141958.001230 sending message 112 to peer 0x140008000 (13 bytes)
1710141958.001236 sending message 112 to peer 0x140008000 (12 bytes)
1710141958.001240 sending message 112 to peer 0x140008000 (8 bytes)
1710141958.001245 sending message 112 to peer 0x140008000 (14 bytes)
1710141958.001447 sending message 112 to peer 0x140008000 (11 bytes)
1710141958.001454 sending message 112 to peer 0x140008000 (9 bytes)
1710141958.001460 sending message 112 to peer 0x140008000 (10 bytes)
1710141958.001465 sending message 112 to peer 0x140008000 (10 bytes)
1710141958.001470 sending message 112 to peer 0x140008000 (10 bytes)
1710141958.001475 sending message 112 to peer 0x140008000 (10 bytes)
1710141958.001493 sending message 112 to peer 0x140008000 (11 bytes)
1710141958.001497 sending message 112 to peer 0x140008000 (12 bytes)
1710141958.001500 sending message 112 to peer 0x140008000 (12 bytes)
1710141958.001504 sending message 112 to peer 0x140008000 (12 bytes)
1710141958.001508 sending message 112 to peer 0x140008000 (12 bytes)
1710141958.001511 sending message 112 to peer 0x140008000 (12 bytes)
1710141958.001515 sending message 112 to peer 0x140008000 (11 bytes)
1710141958.001519 sending message 112 to peer 0x140008000 (11 bytes)
1710141958.001522 sending message 112 to peer 0x140008000 (12 bytes)
1710141958.001526 sending message 112 to peer 0x140008000 (12 bytes)
1710141958.001529 sending message 112 to peer 0x140008000 (12 bytes)
1710141958.001533 sending message 112 to peer 0x140008000 (12 bytes)
1710141958.001536 sending message 112 to peer 0x140008000 (12 bytes)
1710141958.001539 sending message 112 to peer 0x140008000 (9 bytes)
1710141958.001543 sending message 112 to peer 0x140008000 (12 bytes)
1710141958.001546 sending message 112 to peer 0x140008000 (13 bytes)
1710141958.001550 sending message 112 to peer 0x140008000 (13 bytes)
1710141958.001553 sending message 112 to peer 0x140008000 (13 bytes)
1710141958.001557 sending message 112 to peer 0x140008000 (13 bytes)
1710141958.001560 sending message 112 to peer 0x140008000 (13 bytes)
1710141958.001563 sending message 112 to peer 0x140008000 (8 bytes)
1710141958.001567 sending message 112 to peer 0x140008000 (11 bytes)
1710141958.001569 sending message 112 to peer 0x140008000 (11 bytes)
1710141958.001573 sending message 112 to peer 0x140008000 (11 bytes)
1710141958.001576 sending message 112 to peer 0x140008000 (12 bytes)
1710141958.001579 sending message 112 to peer 0x140008000 (12 bytes)
1710141958.001582 sending message 112 to peer 0x140008000 (12 bytes)
1710141958.001587 sending message 112 to peer 0x140008000 (12 bytes)
1710141958.001590 sending message 112 to peer 0x140008000 (13 bytes)
1710141958.001593 sending message 112 to peer 0x140008000 (13 bytes)
1710141958.001596 sending message 112 to peer 0x140008000 (13 bytes)
1710141958.001600 sending message 112 to peer 0x140008000 (8 bytes)
1710141958.001603 sending message 112 to peer 0x140008000 (13 bytes)
1710141958.001606 sending message 112 to peer 0x140008000 (13 bytes)
1710141958.001610 sending message 112 to peer 0x140008000 (13 bytes)
1710141958.001613 sending message 112 to peer 0x140008000 (13 bytes)
1710141958.001616 sending message 112 to peer 0x140008000 (13 bytes)
1710141958.001619 sending message 112 to peer 0x140008000 (12 bytes)
1710141958.001622 sending message 112 to peer 0x140008000 (12 bytes)
1710141958.001625 sending message 112 to peer 0x140008000 (12 bytes)
1710141958.001628 sending message 112 to peer 0x140008000 (12 bytes)
1710141958.001633 sending message 112 to peer 0x140008000 (13 bytes)
1710141958.001636 sending message 112 to peer 0x140008000 (8 bytes)
1710141958.001640 sending message 112 to peer 0x140008000 (13 bytes)
1710141958.001643 sending message 112 to peer 0x140008000 (13 bytes)
1710141958.001646 sending message 112 to peer 0x140008000 (13 bytes)
1710141958.001649 sending message 112 to peer 0x140008000 (13 bytes)
1710141958.001653 sending message 112 to peer 0x140008000 (13 bytes)
1710141958.001656 sending message 112 to peer 0x140008000 (13 bytes)
1710141958.001660 sending message 112 to peer 0x140008000 (13 bytes)
1710141958.001663 sending message 112 to peer 0x140008000 (12 bytes)
1710141958.001667 sending message 112 to peer 0x140008000 (12 bytes)
1710141958.001671 sending message 112 to peer 0x140008000 (12 bytes)
1710141958.001674 sending message 112 to peer 0x140008000 (8 bytes)
1710141958.001677 sending message 112 to peer 0x140008000 (12 bytes)
1710141958.001680 sending message 112 to peer 0x140008000 (13 bytes)
1710141958.001683 sending message 112 to peer 0x140008000 (13 bytes)
1710141958.001689 sending message 112 to peer 0x140008000 (13 bytes)
1710141958.001692 sending message 112 to peer 0x140008000 (13 bytes)
1710141958.001696 sending message 112 to peer 0x140008000 (13 bytes)
1710141958.001705 sending message 112 to peer 0x140008000 (13 bytes)
1710141958.001709 sending message 112 to peer 0x140008000 (13 bytes)
1710141958.001713 sending message 112 to peer 0x140008000 (13 bytes)
1710141958.001716 sending message 112 to peer 0x140008000 (12 bytes)
1710141958.001719 sending message 112 to peer 0x140008000 (10 bytes)
1710141958.001723 sending message 112 to peer 0x140008000 (12 bytes)
1710141958.001726 sending message 112 to peer 0x140008000 (12 bytes)
1710141958.001730 sending message 112 to peer 0x140008000 (12 bytes)
1710141958.001733 sending message 112 to peer 0x140008000 (13 bytes)
1710141958.001738 sending message 112 to peer 0x140008000 (13 bytes)
1710141958.001741 sending message 112 to peer 0x140008000 (13 bytes)
1710141958.001744 sending message 112 to peer 0x140008000 (13 bytes)
1710141958.001747 sending message 112 to peer 0x140008000 (13 bytes)
1710141958.001751 sending message 112 to peer 0x140008000 (13 bytes)
1710141958.001754 sending message 112 to peer 0x140008000 (13 bytes)
1710141958.001757 sending message 112 to peer 0x140008000 (10 bytes)
1710141958.001760 sending message 112 to peer 0x140008000 (13 bytes)
1710141958.001763 sending message 112 to peer 0x140008000 (12 bytes)
1710141958.001766 sending message 112 to peer 0x140008000 (12 bytes)
1710141958.001771 sending message 112 to peer 0x140008000 (12 bytes)
1710141958.001774 sending message 112 to peer 0x140008000 (10 bytes)
1710141958.001777 sending message 112 to peer 0x140008000 (10 bytes)
1710141958.001780 sending message 112 to peer 0x140008000 (10 bytes)
1710141958.001784 sending message 112 to peer 0x140008000 (12 bytes)
1710141958.001787 sending message 112 to peer 0x140008000 (13 bytes)
1710141958.001790 sending message 112 to peer 0x140008000 (13 bytes)
1710141958.001792 sending message 112 to peer 0x140008000 (13 bytes)
1710141958.001795 sending message 112 to peer 0x140008000 (13 bytes)
1710141958.001799 sending message 112 to peer 0x140008000 (13 bytes)
1710141958.001802 sending message 112 to peer 0x140008000 (10 bytes)
1710141958.001806 sending message 112 to peer 0x140008000 (11 bytes)
1710141958.001809 sending message 112 to peer 0x140008000 (12 bytes)
1710141958.001813 sending message 112 to peer 0x140008000 (12 bytes)
1710141958.001816 sending message 112 to peer 0x140008000 (12 bytes)
1710141958.001820 sending message 112 to peer 0x140008000 (12 bytes)
1710141958.001823 sending message 112 to peer 0x140008000 (12 bytes)
1710141958.001828 sending message 112 to peer 0x140008000 (11 bytes)
1710141958.001831 sending message 112 to peer 0x140008000 (12 bytes)
1710141958.001834 sending message 112 to peer 0x140008000 (12 bytes)
1710141958.001837 sending message 112 to peer 0x140008000 (13 bytes)
1710141958.001841 sending message 112 to peer 0x140008000 (13 bytes)
1710141958.001844 sending message 112 to peer 0x140008000 (13 bytes)
1710141958.001848 sending message 112 to peer 0x140008000 (13 bytes)
1710141958.001851 sending message 112 to peer 0x140008000 (13 bytes)
1710141958.001854 sending message 112 to peer 0x140008000 (10 bytes)
1710141958.001857 sending message 112 to peer 0x140008000 (9 bytes)
1710141958.001861 sending message 112 to peer 0x140008000 (12 bytes)
1710141958.001864 sending message 112 to peer 0x140008000 (13 bytes)
1710141958.001868 sending message 112 to peer 0x140008000 (13 bytes)
1710141958.001871 sending message 112 to peer 0x140008000 (13 bytes)
1710141958.001875 sending message 112 to peer 0x140008000 (13 bytes)
1710141958.001878 sending message 112 to peer 0x140008000 (13 bytes)
1710141958.001881 sending message 112 to peer 0x140008000 (9 bytes)
1710141958.001884 sending message 112 to peer 0x140008000 (12 bytes)
1710141958.001888 sending message 112 to peer 0x140008000 (13 bytes)
1710141958.001891 sending message 112 to peer 0x140008000 (13 bytes)
1710141958.001894 sending message 112 to peer 0x140008000 (13 bytes)
1710141958.001898 sending message 112 to peer 0x140008000 (13 bytes)
1710141958.001901 sending message 112 to peer 0x140008000 (13 bytes)
1710141958.001909 sending message 112 to peer 0x140008000 (11 bytes)
1710141958.001913 sending message 112 to peer 0x140008000 (12 bytes)
1710141958.001916 sending message 112 to peer 0x140008000 (13 bytes)
1710141958.001919 sending message 112 to peer 0x140008000 (13 bytes)
1710141958.001922 sending message 112 to peer 0x140008000 (13 bytes)
1710141958.001926 sending message 112 to peer 0x140008000 (13 bytes)
1710141958.001930 sending message 112 to peer 0x140008000 (13 bytes)
1710141958.001934 sending message 112 to peer 0x140008000 (11 bytes)
1710141958.001936 sending message 112 to peer 0x140008000 (12 bytes)
1710141958.001939 sending message 112 to peer 0x140008000 (12 bytes)
1710141958.001943 sending message 112 to peer 0x140008000 (12 bytes)
1710141958.001946 sending message 112 to peer 0x140008000 (12 bytes)
1710141958.001950 sending message 112 to peer 0x140008000 (12 bytes)
1710141958.001953 sending message 112 to peer 0x140008000 (21 bytes)
1710141958.001956 sending message 112 to peer 0x140008000 (12 bytes)
1710141958.001959 sending message 112 to peer 0x140008000 (9 bytes)
1710141958.001962 sending message 112 to peer 0x140008000 (6 bytes)
1710141958.001965 sending message 112 to peer 0x140008000 (13 bytes)
1710141958.001968 sending message 112 to peer 0x140008000 (10 bytes)
1710141958.001973 sending message 112 to peer 0x140008000 (24 bytes)
1710141958.001976 sending message 112 to peer 0x140008000 (13 bytes)
1710141958.001979 sending message 112 to peer 0x140008000 (9 bytes)
1710141958.001982 sending message 112 to peer 0x140008000 (70 bytes)
1710141958.001985 sending message 112 to peer 0x140008000 (69 bytes)
1710141958.001989 sending message 112 to peer 0x140008000 (12 bytes)
1710141958.001992 sending message 112 to peer 0x140008000 (10 bytes)
1710141958.001995 sending message 112 to peer 0x140008000 (10 bytes)
1710141958.001998 sending message 112 to peer 0x140008000 (24 bytes)
1710141958.002003 sending message 112 to peer 0x140008000 (13 bytes)
1710141958.002006 sending message 112 to peer 0x140008000 (10 bytes)
1710141958.002010 sending message 112 to peer 0x140008000 (10 bytes)
1710141958.002013 sending message 112 to peer 0x140008000 (10 bytes)
1710141958.002016 sending message 112 to peer 0x140008000 (13 bytes)
1710141958.002019 sending message 112 to peer 0x140008000 (15 bytes)
1710141958.002022 sending message 112 to peer 0x140008000 (5 bytes)
1710141958.002026 sending message 104 to peer 0x140008000 (0 bytes)
1710141958.002033 sending message 110 to peer 0x140008000 (0 bytes)
1710141958.002036 sending message 107 to peer 0x140008000 (4 bytes)
1710141958.002041 sending message 105 to peer 0x140008000 (20 bytes)
1710141958.002044 sending message 105 to peer 0x140008000 (22 bytes)
1710141958.002048 sending message 105 to peer 0x140008000 (16 bytes)
1710141958.002052 sending message 105 to peer 0x140008000 (17 bytes)
1710141958.002055 sending message 105 to peer 0x140008000 (12 bytes)
1710141958.002059 sending message 105 to peer 0x140008000 (54 bytes)
1710141958.002062 sending message 105 to peer 0x140008000 (685 bytes)
1710141958.002066 sending message 105 to peer 0x140008000 (24 bytes)
1710141958.002069 sending message 105 to peer 0x140008000 (15 bytes)
1710141958.002074 sending message 105 to peer 0x140008000 (66 bytes)
1710141958.002077 sending message 105 to peer 0x140008000 (20 bytes)
1710141958.002080 sending message 105 to peer 0x140008000 (21 bytes)
1710141958.002084 sending message 105 to peer 0x140008000 (46 bytes)
1710141958.002087 sending message 105 to peer 0x140008000 (57 bytes)
1710141958.002091 sending message 105 to peer 0x140008000 (9 bytes)
1710141958.002094 sending message 105 to peer 0x140008000 (46 bytes)
1710141958.002097 sending message 105 to peer 0x140008000 (59 bytes)
1710141958.002101 sending message 105 to peer 0x140008000 (72 bytes)
1710141958.002104 sending message 105 to peer 0x140008000 (64 bytes)
1710141958.002108 sending message 105 to peer 0x140008000 (15 bytes)
1710141958.002111 sending message 105 to peer 0x140008000 (67 bytes)
1710141958.002122 sending message 105 to peer 0x140008000 (14 bytes)
1710141958.002126 sending message 105 to peer 0x140008000 (19 bytes)
1710141958.002129 sending message 105 to peer 0x140008000 (44 bytes)
1710141958.002132 sending message 105 to peer 0x140008000 (38 bytes)
1710141958.002136 sending message 105 to peer 0x140008000 (8 bytes)
1710141958.002139 sending message 105 to peer 0x140008000 (25 bytes)
1710141958.002142 sending message 105 to peer 0x140008000 (18 bytes)
1710141958.002145 sending message 105 to peer 0x140008000 (30 bytes)
1710141958.002149 sending message 105 to peer 0x140008000 (37 bytes)
1710141958.002153 sending message 105 to peer 0x140008000 (34 bytes)
1710141958.002156 sending message 105 to peer 0x140008000 (34 bytes)
1710141958.002160 sending message 105 to peer 0x140008000 (35 bytes)
1710141958.002164 sending message 105 to peer 0x140008000 (33 bytes)
1710141958.002167 sending message 105 to peer 0x140008000 (35 bytes)
1710141958.002171 sending message 105 to peer 0x140008000 (12 bytes)
1710141958.002174 sending message 105 to peer 0x140008000 (22 bytes)
1710141958.002180 sending message 105 to peer 0x140008000 (26 bytes)
1710141958.002184 sending message 105 to peer 0x140008000 (11 bytes)
1710141958.002187 sending message 105 to peer 0x140008000 (8 bytes)
1710141958.002190 sending message 105 to peer 0x140008000 (32 bytes)
1710141958.002194 sending message 105 to peer 0x140008000 (10 bytes)
1710141958.002197 sending message 105 to peer 0x140008000 (26 bytes)
1710141958.002201 sending message 105 to peer 0x140008000 (74 bytes)
1710141958.002205 sending message 105 to peer 0x140008000 (45 bytes)
1710141958.002209 sending message 105 to peer 0x140008000 (15 bytes)
1710141958.002212 sending message 105 to peer 0x140008000 (32 bytes)
1710141958.002216 sending message 105 to peer 0x140008000 (26 bytes)
1710141958.002220 sending message 105 to peer 0x140008000 (51 bytes)
1710141958.002223 sending message 105 to peer 0x140008000 (18 bytes)
1710141958.002226 sending message 105 to peer 0x140008000 (27 bytes)
1710141958.002229 sending message 105 to peer 0x140008000 (12 bytes)
1710141958.002234 sending message 105 to peer 0x140008000 (12 bytes)
1710141958.002237 sending message 105 to peer 0x140008000 (21 bytes)
1710141958.002240 sending message 105 to peer 0x140008000 (25 bytes)
1710141958.002244 sending message 106 to peer 0x140008000 (0 bytes)
1710141958.002286 sending message 200 to peer 0x140008000 (4 bytes)
1710141958.002291 client loop enter
1710141958.005528 peer 0x140008000 message 207
1710141958.005561 sending message 208 to peer 0x140008000 (0 bytes)
1710143137.181887 client_signal: Window size changes: 28
1710143137.183277 sending message 208 to peer 0x140008000 (0 bytes)
1710143137.198324 client_signal: Window size changes: 28
1710143137.199209 sending message 208 to peer 0x140008000 (0 bytes)
1710145231.244655 client_signal: Window size changes: 28
1710145231.279337 sending message 208 to peer 0x140008000 (0 bytes)
1710145231.279396 client_signal: Window size changes: 28
1710145231.279456 sending message 208 to peer 0x140008000 (0 bytes)
1710145232.391813 client_signal: Window size changes: 28
1710145232.395107 sending message 208 to peer 0x140008000 (0 bytes)
1710146928.481385 client_signal: Window size changes: 28
1710146928.615619 sending message 208 to peer 0x140008000 (0 bytes)
1710146929.651143 client_signal: Window size changes: 28
1710146929.651549 sending message 208 to peer 0x140008000 (0 bytes)
1710150984.460798 client_signal: Window size changes: 28
1710150984.461044 sending message 208 to peer 0x140008000 (0 bytes)
1710150985.630800 client_signal: Window size changes: 28
1710150985.630857 sending message 208 to peer 0x140008000 (0 bytes)
1710152772.025038 client_signal: Window size changes: 28
1710152772.050437 sending message 208 to peer 0x140008000 (0 bytes)
1710152773.209813 client_signal: Window size changes: 28
1710152773.210203 sending message 208 to peer 0x140008000 (0 bytes)
1710154741.359395 client_signal: Window size changes: 28
1710154741.433668 sending message 208 to peer 0x140008000 (0 bytes)
1710154742.561967 client_signal: Window size changes: 28
1710154742.562015 sending message 208 to peer 0x140008000 (0 bytes)
1710158690.718465 client_signal: Window size changes: 28
1710158690.718758 sending message 208 to peer 0x140008000 (0 bytes)
1710158691.832249 client_signal: Window size changes: 28
1710158691.832306 sending message 208 to peer 0x140008000 (0 bytes)
1710166345.301919 peer 0x140008000 message 201
1710166345.302341 sending message 205 to peer 0x140008000 (0 bytes)
1710166345.302801 peer 0x140008000 message 204
1710166345.302812 client loop exit
